{
  "RSpec": {
    "coverage": {
      "/Users/emily/Desktop/Projects/oystercardjune/spec/journey_spec.rb": {
        "lines": [
          1,
          null,
          null,
          null,
          1,
          null,
          9,
          7,
          5,
          2,
          null,
          1,
          1,
          1,
          1,
          null,
          null,
          1,
          1,
          1,
          null,
          null,
          null,
          1,
          1,
          1,
          1,
          null,
          null,
          1,
          1,
          1,
          1,
          null,
          null,
          1,
          1,
          1,
          null,
          null,
          1,
          1,
          1,
          null,
          null,
          1,
          1,
          1,
          1,
          null,
          null,
          1,
          1,
          1,
          null,
          null,
          null,
          null,
          null,
          null,
          null
        ]
      },
      "/Users/emily/Desktop/Projects/oystercardjune/lib/journey.rb": {
        "lines": [
          1,
          null,
          1,
          1,
          null,
          1,
          null,
          null,
          1,
          8,
          8,
          8,
          null,
          null,
          1,
          6,
          6,
          null,
          null,
          1,
          4,
          4,
          4,
          null,
          null,
          1,
          6,
          null,
          null,
          null,
          null,
          1,
          4,
          null,
          null,
          null,
          null,
          null
        ]
      },
      "/Users/emily/Desktop/Projects/oystercardjune/spec/oystercard_spec.rb": {
        "lines": [
          1,
          null,
          1,
          null,
          7,
          11,
          11,
          7,
          7,
          7,
          null,
          3,
          3,
          3,
          null,
          3,
          3,
          3,
          null,
          1,
          1,
          1,
          1,
          null,
          null,
          1,
          1,
          1,
          2,
          null,
          null,
          null,
          null,
          null,
          1,
          null,
          null,
          null,
          null,
          null,
          null,
          1,
          2,
          null,
          null,
          null,
          null,
          null,
          null,
          null,
          null,
          null,
          1,
          1,
          1,
          1,
          1,
          1,
          null,
          null,
          1,
          1,
          1,
          1,
          4,
          null,
          null,
          null,
          1,
          null,
          null,
          1,
          1,
          1,
          4,
          null,
          null,
          1,
          1,
          1,
          1,
          1,
          null,
          null,
          1,
          1,
          1,
          1,
          1,
          null,
          null,
          1,
          1,
          1,
          4,
          null,
          null,
          null,
          null,
          1,
          1,
          1,
          1,
          1,
          1,
          null,
          null,
          null,
          null,
          null
        ]
      },
      "/Users/emily/Desktop/Projects/oystercardjune/lib/oystercard.rb": {
        "lines": [
          1,
          1,
          null,
          1,
          1,
          null,
          1,
          1,
          null,
          null,
          1,
          10,
          10,
          10,
          10,
          10,
          10,
          null,
          null,
          1,
          10,
          9,
          null,
          null,
          null,
          1,
          8,
          7,
          7,
          null,
          null,
          1,
          5,
          5,
          5,
          5,
          null,
          null,
          null,
          null,
          1,
          0,
          null,
          null,
          1,
          null,
          1,
          10,
          null,
          null,
          1,
          8,
          null,
          null,
          null,
          1,
          7,
          null,
          null,
          1,
          2,
          2,
          null,
          null,
          1,
          2,
          null,
          null,
          1,
          7,
          7,
          null,
          null,
          1,
          7,
          7,
          null,
          null,
          null,
          null,
          null
        ]
      },
      "/Users/emily/Desktop/Projects/oystercardjune/lib/station.rb": {
        "lines": [
          null,
          1,
          null,
          1,
          null,
          1,
          2,
          2,
          null,
          null,
          null
        ]
      },
      "/Users/emily/Desktop/Projects/oystercardjune/spec/station_spec.rb": {
        "lines": [
          1,
          null,
          1,
          null,
          3,
          null,
          1,
          1,
          1,
          null,
          null,
          1,
          1,
          null,
          null,
          null,
          null,
          null,
          null,
          null,
          null
        ]
      }
    },
    "timestamp": 1592609593
  }
}
